Base path: /Applications/Unity/Unity.app/Contents
Pipe name: \\.\pipe\UnityShaderCompiler-1--1395676632
Cmd: getPlatforms
Cmd: preprocess
  insize=4656 outsize=233 ok=1
Cmd: compileSnippet
  api=0 type=0 insize=4633 outsize=8207 kw= ok=1
Cmd: preprocess
  insize=4654 outsize=233 ok=1
Cmd: compileSnippet
  api=0 type=0 insize=4631 outsize=8205 kw= ok=1
Cmd: preprocess
  insize=4652 outsize=233 ok=1
Cmd: compileSnippet
  api=0 type=0 insize=4629 outsize=8203 kw= ok=1
Cmd: preprocess
  insize=4644 outsize=233 ok=1
Cmd: compileSnippet
  api=0 type=0 insize=4621 outsize=8195 kw= ok=1
Cmd: preprocess
  insize=4642 outsize=232 ok=1
Cmd: compileSnippet
  api=0 type=0 insize=4619 outsize=8193 kw= ok=1
Cmd: preprocess
  insize=4647 outsize=233 ok=1
Cmd: compileSnippet
  api=0 type=0 insize=4624 outsize=8198 kw= ok=1
Cmd: preprocess
  insize=4721 outsize=233 ok=1
Cmd: compileSnippet
  api=0 type=0 insize=4698 outsize=8272 kw= ok=1
Cmd: preprocess
  insize=4721 outsize=232 ok=1
Cmd: compileSnippet
  api=0 type=0 insize=4698 outsize=8272 kw= ok=1
Cmd: preprocess
  insize=572 outsize=210 ok=1
Cmd: compileSnippet
  api=0 type=0 insize=662 outsize=325 kw= ok=1
Cmd: compileSnippet
  api=0 type=1 insize=662 outsize=140 kw= ok=1
Cmd: preprocess
  insize=574 outsize=210 ok=1
Cmd: compileSnippet
  api=0 type=0 insize=664 outsize=325 kw= ok=1
Cmd: compileSnippet
  api=0 type=1 insize=664 outsize=142 kw= ok=1
Cmd: preprocess
  insize=572 outsize=210 ok=1
Cmd: preprocess
  insize=933 outsize=351 ok=1
Cmd: compileSnippet
  api=0 type=0 insize=882 outsize=365 kw= ok=1
Cmd: compileSnippet
  api=0 type=1 insize=882 outsize=160 kw= ok=1
Cmd: preprocess
  insize=572 outsize=210 ok=1
Cmd: preprocess
  insize=884 outsize=264 ok=1
Cmd: preprocess
  insize=4651 outsize=233 ok=1
Cmd: compileSnippet
  api=0 type=0 insize=828 outsize=1010 kw= ok=1
Cmd: preprocess
  insize=4674 outsize=233 ok=1
Cmd: compileSnippet
  api=0 type=0 insize=4651 outsize=8225 kw= ok=1
Cmd: preprocess
  insize=4654 outsize=233 ok=1
Cmd: compileSnippet
  api=0 type=0 insize=4631 outsize=8205 kw= ok=1
Cmd: preprocess
  insize=4634 outsize=233 ok=1
Cmd: compileSnippet
  api=0 type=0 insize=4611 outsize=8185 kw= ok=1
Cmd: preprocess
  insize=4633 outsize=232 ok=1
Cmd: compileSnippet
  api=0 type=0 insize=4610 outsize=8184 kw= ok=1
Cmd: preprocess
  insize=4632 outsize=233 ok=1
Cmd: compileSnippet
  api=0 type=0 insize=4609 outsize=8183 kw= ok=1
Cmd: preprocess
  insize=4632 outsize=233 ok=1
Cmd: compileSnippet
  api=0 type=0 insize=4609 outsize=8183 kw= ok=1
Cmd: preprocess
  insize=4632 outsize=233 ok=1
Cmd: compileSnippet
  api=0 type=0 insize=4609 outsize=8183 kw= ok=1
Cmd: preprocess
  insize=4632 outsize=233 ok=1
Cmd: compileSnippet
  api=0 type=0 insize=4609 outsize=8183 kw= ok=1
Cmd: preprocess
  insize=4632 outsize=233 ok=1
Cmd: preprocess
  insize=3698 outsize=158 ok=1
Cmd: compileSnippet
  api=0 type=0 insize=3749 outsize=7323 kw= ok=1
Cmd: preprocess
  insize=3682 outsize=159 ok=1
Cmd: compileSnippet
  api=0 type=0 insize=3733 outsize=7307 kw= ok=1
Cmd: preprocess
  insize=3679 outsize=159 ok=1
Cmd: compileSnippet
  api=0 type=0 insize=3730 outsize=7304 kw= ok=1
Cmd: preprocess
  insize=3683 outsize=159 ok=1
Cmd: compileSnippet
  api=0 type=0 insize=3734 outsize=7308 kw= ok=1
Cmd: preprocess
  insize=3682 outsize=159 ok=1
Cmd: preprocess
  insize=3682 outsize=159 ok=1
Cmd: compileSnippet
  api=0 type=0 insize=3733 outsize=7307 kw= ok=1
Cmd: preprocess
  insize=3683 outsize=159 ok=1
Cmd: compileSnippet
  api=0 type=0 insize=3734 outsize=7308 kw= ok=1
Cmd: preprocess
  insize=3684 outsize=158 ok=1
Cmd: compileSnippet
  api=0 type=0 insize=3735 outsize=7309 kw= ok=1
Cmd: preprocess
  insize=3681 outsize=159 ok=1
Cmd: compileSnippet
  api=0 type=0 insize=3732 outsize=7306 kw= ok=1
Cmd: preprocess
  insize=3682 outsize=159 ok=1
Cmd: compileSnippet
  api=0 type=0 insize=3733 outsize=7307 kw= ok=1
Cmd: preprocess
  insize=3683 outsize=159 ok=1
Cmd: compileSnippet
  api=0 type=0 insize=3734 outsize=7308 kw= ok=1
Cmd: preprocess
  insize=3684 outsize=158 ok=1
Cmd: compileSnippet
  api=0 type=0 insize=3735 outsize=7309 kw= ok=1
Cmd: preprocess
  insize=3685 outsize=159 ok=1
Cmd: compileSnippet
  api=0 type=0 insize=3736 outsize=7310 kw= ok=1
Cmd: preprocess
  insize=3686 outsize=159 ok=1
Cmd: compileSnippet
  api=0 type=0 insize=3737 outsize=7311 kw= ok=1
Cmd: preprocess
  insize=3684 outsize=159 ok=1
Cmd: compileSnippet
  api=0 type=0 insize=3735 outsize=7309 kw= ok=1
Cmd: preprocess
  insize=4634 outsize=232 ok=1
Cmd: compileSnippet
  api=0 type=0 insize=4611 outsize=8185 kw= ok=1
Cmd: preprocess
  insize=4632 outsize=233 ok=1
Cmd: preprocess
  insize=4634 outsize=233 ok=1
Cmd: compileSnippet
  api=0 type=0 insize=4611 outsize=8185 kw= ok=1
Cmd: preprocess
  insize=4636 outsize=232 ok=1
Cmd: compileSnippet
  api=0 type=0 insize=4613 outsize=8187 kw= ok=1
Cmd: preprocess
  insize=4640 outsize=232 ok=1
Cmd: compileSnippet
  api=0 type=0 insize=4617 outsize=8191 kw= ok=1
Cmd: preprocess
  insize=4642 outsize=233 ok=1
Cmd: compileSnippet
  api=0 type=0 insize=4619 outsize=8193 kw= ok=1
Cmd: preprocess
  insize=4646 outsize=232 ok=1
Cmd: compileSnippet
  api=0 type=0 insize=4623 outsize=8197 kw= ok=1
Cmd: preprocess
  insize=6015 outsize=1865 ok=1
Cmd: compileSnippet
  api=0 type=0 insize=1381 outsize=1617 kw= ok=1
Cmd: compileSnippet
  api=0 type=1 insize=1381 outsize=189 kw= ok=1
Cmd: compileSnippet
  api=0 type=0 insize=1381 outsize=1609 kw= ok=1
Cmd: compileSnippet
  api=0 type=1 insize=1381 outsize=189 kw= ok=1
Cmd: compileSnippet
  api=0 type=0 insize=1382 outsize=1616 kw= ok=1
Cmd: compileSnippet
  api=0 type=1 insize=1382 outsize=189 kw= ok=1
Cmd: compileSnippet
  api=0 type=0 insize=1382 outsize=1616 kw= ok=1
Cmd: compileSnippet
  api=0 type=1 insize=1382 outsize=189 kw= ok=1
Cmd: compileSnippet
  api=0 type=0 insize=1383 outsize=1616 kw= ok=1
Cmd: compileSnippet
  api=0 type=1 insize=1383 outsize=189 kw= ok=1
Cmd: compileSnippet
  api=0 type=0 insize=1383 outsize=1616 kw= ok=1
Cmd: compileSnippet
  api=0 type=1 insize=1383 outsize=189 kw= ok=1
Cmd: compileSnippet
  api=0 type=0 insize=1383 outsize=1609 kw= ok=1
Cmd: compileSnippet
  api=0 type=1 insize=1383 outsize=189 kw= ok=1
Cmd: preprocess
  insize=6014 outsize=1864 ok=1
Cmd: preprocess
  insize=6013 outsize=1863 ok=1
Cmd: preprocess
  insize=1547 outsize=405 ok=1
Cmd: compileSnippet
  api=0 type=0 insize=1352 outsize=1534 kw= ok=1
